\BOOKMARK [1][-]{section*.2}{Affidavit}{}% 1
\BOOKMARK [1][-]{section*.3}{Acknowledgments}{}% 2
\BOOKMARK [1][-]{section*.4}{Abstract}{}% 3
\BOOKMARK [1][-]{section*.5}{Confidentiality clause}{}% 4
\BOOKMARK [1][-]{section*.6}{Nomenclature}{}% 5
\BOOKMARK [1][-]{section*.7}{Glossary}{}% 6
\BOOKMARK [1][-]{section*.9}{Acronyms}{}% 7
\BOOKMARK [1][-]{section*.11}{List of figures}{}% 8
\BOOKMARK [1][-]{section*.12}{List of tables}{}% 9
\BOOKMARK [1][-]{section.1}{Einleitung}{}% 10
\BOOKMARK [2][-]{subsection.1.1}{Motivation}{section.1}% 11
\BOOKMARK [2][-]{subsection.1.2}{Zielsetzung}{section.1}% 12
\BOOKMARK [1][-]{section.2}{Verwandte Arbeiten}{}% 13
\BOOKMARK [2][-]{subsection.2.1}{Research direction 1}{section.2}% 14
\BOOKMARK [3][-]{subsubsection.2.1.1}{Relevanz f\374r die eigene Arbeit - Direction 1}{subsection.2.1}% 15
\BOOKMARK [2][-]{subsection.2.2}{Research direction 2}{section.2}% 16
\BOOKMARK [3][-]{subsubsection.2.2.1}{Relevanz f\374r die eigene Arbeit - Direction 2}{subsection.2.2}% 17
\BOOKMARK [2][-]{subsection.2.3}{Schlussfolgerung}{section.2}% 18
\BOOKMARK [1][-]{section.3}{Diskussion}{}% 19
\BOOKMARK [1][-]{section.4}{Fazit}{}% 20
\BOOKMARK [2][-]{subsection.4.1}{Ausblick}{section.4}% 21
\BOOKMARK [2][-]{subsection.4.2}{Einschr\344nkungen}{section.4}% 22
\BOOKMARK [1][-]{section*.17}{Literature references}{}% 23
